[debug] ----------------------------------------------------------------------
[debug] Command:      C:\Program Files\nodejs\node.exe C:\Users\giuseppe.scaramuzzin\AppData\Roaming\npm\node_modules\firebase-tools\bin\firebase login --interactive
[debug] CLI Version:  3.2.0
[debug] Platform:     win32
[debug] Node Version: v4.3.1
[debug] Time:         Fri Dec 02 2016 16:03:35 GMT+0100 (ora solare Europa occidentale)
[debug] ----------------------------------------------------------------------
[debug] 
[info] 
[info] Visit this URL on any device to log in:
[info] https://accounts.google.com/o/oauth2/auth?client_id=563584335869-fgrhgmd47bqnekij5i8b5pr03ho849e6.apps.googleusercontent.com&scope=email%20openid%20https%3A%2F%2Fwww.googleapis.com%2Fauth%2Fcloudplatformprojects.readonly%20https%3A%2F%2Fwww.googleapis.com%2Fauth%2Ffirebase&response_type=code&state=818511971&redirect_uri=http%3A%2F%2Flocalhost%3A9005
[info] 
[info] Waiting for authentication...
[debug] >>> HTTP REQUEST POST https://accounts.google.com/o/oauth2/token
[debug] ----------------------------------------------------------------------
[debug] Command:      C:\Program Files\nodejs\node.exe C:\Users\giuseppe.scaramuzzin\AppData\Roaming\npm\node_modules\firebase-tools\bin\firebase login --interactive
[debug] CLI Version:  3.2.0
[debug] Platform:     win32
[debug] Node Version: v4.3.1
[debug] Time:         Fri Dec 02 2016 16:04:16 GMT+0100 (ora solare Europa occidentale)
[debug] ----------------------------------------------------------------------
[debug] 
[info] 
[info] Visit this URL on any device to log in:
[info] https://accounts.google.com/o/oauth2/auth?client_id=563584335869-fgrhgmd47bqnekij5i8b5pr03ho849e6.apps.googleusercontent.com&scope=email%20openid%20https%3A%2F%2Fwww.googleapis.com%2Fauth%2Fcloudplatformprojects.readonly%20https%3A%2F%2Fwww.googleapis.com%2Fauth%2Ffirebase&response_type=code&state=837402997&redirect_uri=http%3A%2F%2Flocalhost%3A9005
[info] 
[info] Waiting for authentication...
[debug] >>> HTTP REQUEST POST https://accounts.google.com/o/oauth2/token
[debug] ----------------------------------------------------------------------
[debug] Command:      C:\Program Files\nodejs\node.exe C:\Users\giuseppe.scaramuzzin\AppData\Roaming\npm\node_modules\firebase-tools\bin\firebase login --interactive
[debug] CLI Version:  3.2.0
[debug] Platform:     win32
[debug] Node Version: v4.3.1
[debug] Time:         Fri Dec 02 2016 16:04:48 GMT+0100 (ora solare Europa occidentale)
[debug] ----------------------------------------------------------------------
[debug] 
[info] 
[info] Visit this URL on any device to log in:
[info] https://accounts.google.com/o/oauth2/auth?client_id=563584335869-fgrhgmd47bqnekij5i8b5pr03ho849e6.apps.googleusercontent.com&scope=email%20openid%20https%3A%2F%2Fwww.googleapis.com%2Fauth%2Fcloudplatformprojects.readonly%20https%3A%2F%2Fwww.googleapis.com%2Fauth%2Ffirebase&response_type=code&state=280505455&redirect_uri=http%3A%2F%2Flocalhost%3A9005
[info] 
[info] Waiting for authentication...
[debug] >>> HTTP REQUEST POST https://accounts.google.com/o/oauth2/token
[debug] ----------------------------------------------------------------------
[debug] Command:      C:\Program Files\nodejs\node.exe C:\Users\giuseppe.scaramuzzin\AppData\Roaming\npm\node_modules\firebase-tools\bin\firebase login --interactive
[debug] CLI Version:  3.2.0
[debug] Platform:     win32
[debug] Node Version: v4.3.1
[debug] Time:         Fri Dec 02 2016 16:07:06 GMT+0100 (ora solare Europa occidentale)
[debug] ----------------------------------------------------------------------
[debug] 
[info] 
[info] Visit this URL on any device to log in:
[info] https://accounts.google.com/o/oauth2/auth?client_id=563584335869-fgrhgmd47bqnekij5i8b5pr03ho849e6.apps.googleusercontent.com&scope=email%20openid%20https%3A%2F%2Fwww.googleapis.com%2Fauth%2Fcloudplatformprojects.readonly%20https%3A%2F%2Fwww.googleapis.com%2Fauth%2Ffirebase&response_type=code&state=864618722&redirect_uri=http%3A%2F%2Flocalhost%3A9005
[info] 
[info] Waiting for authentication...
[debug] >>> HTTP REQUEST POST https://accounts.google.com/o/oauth2/token
[debug] ----------------------------------------------------------------------
[debug] Command:      C:\Program Files\nodejs\node.exe C:\Users\giuseppe.scaramuzzin\AppData\Roaming\npm\node_modules\firebase-tools\bin\firebase login
[debug] CLI Version:  3.2.0
[debug] Platform:     win32
[debug] Node Version: v4.3.1
[debug] Time:         Fri Dec 02 2016 16:07:26 GMT+0100 (ora solare Europa occidentale)
[debug] ----------------------------------------------------------------------
[debug] 
[info] 
[info] Visit this URL on any device to log in:
[info] https://accounts.google.com/o/oauth2/auth?client_id=563584335869-fgrhgmd47bqnekij5i8b5pr03ho849e6.apps.googleusercontent.com&scope=email%20openid%20https%3A%2F%2Fwww.googleapis.com%2Fauth%2Fcloudplatformprojects.readonly%20https%3A%2F%2Fwww.googleapis.com%2Fauth%2Ffirebase&response_type=code&state=430280569&redirect_uri=http%3A%2F%2Flocalhost%3A9005
[info] 
[info] Waiting for authentication...
[debug] >>> HTTP REQUEST POST https://accounts.google.com/o/oauth2/token
